Vivado Simulator 2020.2
Copyright 1986-1999, 2001-2020 Xilinx, Inc. All Rights Reserved.
Running: C:/Xilinx/Vivado/2020.2/bin/unwrapped/win64.o/xelab.exe -wto fe69f7ad88914fbaa7a89a77efbb84c7 --incr --debug typical --relax --mt 2 -L xil_defaultlib -L secureip --snapshot TWI_testbench_behav xil_defaultlib.TWI_testbench -log elaborate.log 
Using 2 slave threads.
Starting static elaboration
Completed static elaboration
Starting simulation data flow analysis
Completed simulation data flow analysis
Time Resolution for simulation is 1ps
Compiling package std.standard
Compiling package std.textio
Compiling package ieee.std_logic_1164
Compiling package ieee.numeric_std
Compiling package ieee.std_logic_arith
Compiling package ieee.std_logic_unsigned
Compiling package ieee.math_real
Compiling architecture behavioral of entity xil_defaultlib.State_Machine [state_machine_default]
Compiling architecture behavioral of entity xil_defaultlib.TWICtl [\TWICtl(clockfreq=100)\]
Compiling architecture behavior of entity xil_defaultlib.twi_testbench
Built simulation snapshot TWI_testbench_behav
